nohup: ignoring input
%%%%%%%%%%%%%%%%%%%%%%%%%%%%%%%%%%%%%%%%%%%%%%%%%%%%%%%%%%%%%%%%%%%%%%%%%%%%%%%%%% 

%%%%%%%%%%%%%%%%%%%%%%%%%%%%%%%%%%FedPAC%%%%%%%%%%%%%%%%%%%%%%%%%%%%%%%%%%%%%%%%%% 

# alg: fedrep , epochs: 100, shard_per_user: 5, limit_local_output: 0, local_rep_ep: 3 , local_only: 0, is_concept_shift: 0, dataset: cifar10  

Files already downloaded and verified
Files already downloaded and verified
CNNCifar(
  (conv1): Conv2d(3, 64, kernel_size=(5, 5), stride=(1, 1))
  (pool): MaxPool2d(kernel_size=2, stride=2, padding=0, dilation=1, ceil_mode=False)
  (conv2): Conv2d(64, 64, kernel_size=(5, 5), stride=(1, 1))
  (fc1): Linear(in_features=1600, out_features=120, bias=True)
  (fc2): Linear(in_features=120, out_features=64, bias=True)
  (fc3): Linear(in_features=64, out_features=10, bias=True)
)
odict_keys(['conv1.weight', 'conv1.bias', 'conv2.weight', 'conv2.bias', 'fc1.weight', 'fc1.bias', 'fc2.weight', 'fc2.bias', 'fc3.weight', 'fc3.bias'])
10
['fc1.weight', 'fc1.bias', 'fc2.weight', 'fc2.bias', 'conv2.weight', 'conv2.bias', 'conv1.weight', 'conv1.bias']
['conv1.weight', 'conv1.bias', 'conv2.weight', 'conv2.bias', 'fc1.weight', 'fc1.bias', 'fc2.weight', 'fc2.bias', 'fc3.weight', 'fc3.bias']
# Params: 307842 (local), 307192 (global); Percentage 99.79 (307192/307842)
learning rate, batch size: 0.01, 10
CNNCifar(
  (conv1): Conv2d(3, 64, kernel_size=(5, 5), stride=(1, 1))
  (pool): MaxPool2d(kernel_size=2, stride=2, padding=0, dilation=1, ceil_mode=False)
  (conv2): Conv2d(64, 64, kernel_size=(5, 5), stride=(1, 1))
  (fc1): Linear(in_features=1600, out_features=120, bias=True)
  (fc2): Linear(in_features=120, out_features=64, bias=True)
  (fc3): Linear(in_features=64, out_features=10, bias=True)
)
Round   0, Train loss: 1.897, Test loss: 2.182, Test accuracy: 20.21
Round   1, Train loss: 1.493, Test loss: 1.971, Test accuracy: 25.38
Round   2, Train loss: 1.422, Test loss: 1.610, Test accuracy: 36.40
Round   3, Train loss: 1.313, Test loss: 1.401, Test accuracy: 45.15
Round   4, Train loss: 1.207, Test loss: 1.206, Test accuracy: 51.97
Round   5, Train loss: 1.207, Test loss: 1.102, Test accuracy: 56.57
Round   6, Train loss: 1.100, Test loss: 1.064, Test accuracy: 57.47
Round   7, Train loss: 1.114, Test loss: 1.022, Test accuracy: 60.00
Round   8, Train loss: 1.078, Test loss: 1.018, Test accuracy: 60.03
Round   9, Train loss: 1.025, Test loss: 0.983, Test accuracy: 61.73
Round  10, Train loss: 1.042, Test loss: 0.963, Test accuracy: 62.41
Round  11, Train loss: 1.061, Test loss: 0.944, Test accuracy: 63.50
Round  12, Train loss: 0.959, Test loss: 0.940, Test accuracy: 64.13
Round  13, Train loss: 0.984, Test loss: 0.920, Test accuracy: 65.89
Round  14, Train loss: 0.938, Test loss: 0.907, Test accuracy: 65.98
Round  15, Train loss: 0.893, Test loss: 0.896, Test accuracy: 66.38
Round  16, Train loss: 0.976, Test loss: 0.886, Test accuracy: 66.61
Round  17, Train loss: 0.927, Test loss: 0.863, Test accuracy: 67.55
Round  18, Train loss: 0.893, Test loss: 0.845, Test accuracy: 67.83
Round  19, Train loss: 0.866, Test loss: 0.832, Test accuracy: 67.88
Round  20, Train loss: 0.889, Test loss: 0.836, Test accuracy: 67.97
Round  21, Train loss: 0.840, Test loss: 0.812, Test accuracy: 69.22
Round  22, Train loss: 0.844, Test loss: 0.815, Test accuracy: 68.89
Round  23, Train loss: 0.775, Test loss: 0.810, Test accuracy: 69.82
Round  24, Train loss: 0.831, Test loss: 0.771, Test accuracy: 70.30
Round  25, Train loss: 0.753, Test loss: 0.761, Test accuracy: 70.99
Round  26, Train loss: 0.808, Test loss: 0.753, Test accuracy: 71.09
Round  27, Train loss: 0.696, Test loss: 0.760, Test accuracy: 71.39
Round  28, Train loss: 0.721, Test loss: 0.740, Test accuracy: 71.81
Round  29, Train loss: 0.743, Test loss: 0.736, Test accuracy: 72.10
Round  30, Train loss: 0.757, Test loss: 0.726, Test accuracy: 72.47
Round  31, Train loss: 0.703, Test loss: 0.724, Test accuracy: 72.98
Round  32, Train loss: 0.714, Test loss: 0.722, Test accuracy: 73.24
Round  33, Train loss: 0.720, Test loss: 0.712, Test accuracy: 73.13
Round  34, Train loss: 0.662, Test loss: 0.705, Test accuracy: 73.14
Round  35, Train loss: 0.764, Test loss: 0.699, Test accuracy: 73.75
Round  36, Train loss: 0.668, Test loss: 0.723, Test accuracy: 73.07
Round  37, Train loss: 0.733, Test loss: 0.687, Test accuracy: 73.79
Round  38, Train loss: 0.639, Test loss: 0.677, Test accuracy: 74.70
Round  39, Train loss: 0.700, Test loss: 0.691, Test accuracy: 73.80
Round  40, Train loss: 0.685, Test loss: 0.671, Test accuracy: 74.33
Round  41, Train loss: 0.660, Test loss: 0.664, Test accuracy: 74.83
Round  42, Train loss: 0.628, Test loss: 0.653, Test accuracy: 75.74
Round  43, Train loss: 0.665, Test loss: 0.660, Test accuracy: 75.23
Round  44, Train loss: 0.625, Test loss: 0.654, Test accuracy: 75.21
Round  45, Train loss: 0.636, Test loss: 0.673, Test accuracy: 74.57
Round  46, Train loss: 0.646, Test loss: 0.656, Test accuracy: 75.08
Round  47, Train loss: 0.589, Test loss: 0.656, Test accuracy: 75.50
Round  48, Train loss: 0.599, Test loss: 0.645, Test accuracy: 75.58
Round  49, Train loss: 0.621, Test loss: 0.644, Test accuracy: 75.81
Round  50, Train loss: 0.575, Test loss: 0.642, Test accuracy: 75.65
Round  51, Train loss: 0.552, Test loss: 0.634, Test accuracy: 76.06
Round  52, Train loss: 0.563, Test loss: 0.633, Test accuracy: 76.22
Round  53, Train loss: 0.586, Test loss: 0.633, Test accuracy: 76.46
Round  54, Train loss: 0.555, Test loss: 0.616, Test accuracy: 77.31
Round  55, Train loss: 0.513, Test loss: 0.609, Test accuracy: 77.54
Round  56, Train loss: 0.503, Test loss: 0.622, Test accuracy: 77.19
Round  57, Train loss: 0.540, Test loss: 0.620, Test accuracy: 77.03
Round  58, Train loss: 0.555, Test loss: 0.617, Test accuracy: 77.40
Round  59, Train loss: 0.586, Test loss: 0.609, Test accuracy: 77.27
Round  60, Train loss: 0.474, Test loss: 0.610, Test accuracy: 77.27
Round  61, Train loss: 0.533, Test loss: 0.601, Test accuracy: 77.87
Round  62, Train loss: 0.561, Test loss: 0.606, Test accuracy: 77.75
Round  63, Train loss: 0.564, Test loss: 0.607, Test accuracy: 77.53
Round  64, Train loss: 0.549, Test loss: 0.605, Test accuracy: 77.63
Round  65, Train loss: 0.531, Test loss: 0.606, Test accuracy: 77.50
Round  66, Train loss: 0.443, Test loss: 0.598, Test accuracy: 77.76
Round  67, Train loss: 0.509, Test loss: 0.602, Test accuracy: 77.87
Round  68, Train loss: 0.456, Test loss: 0.605, Test accuracy: 77.72
Round  69, Train loss: 0.490, Test loss: 0.602, Test accuracy: 77.91
Round  70, Train loss: 0.491, Test loss: 0.604, Test accuracy: 77.96
Round  71, Train loss: 0.446, Test loss: 0.592, Test accuracy: 78.19
Round  72, Train loss: 0.426, Test loss: 0.589, Test accuracy: 78.42
Round  73, Train loss: 0.444, Test loss: 0.594, Test accuracy: 78.30
Round  74, Train loss: 0.435, Test loss: 0.591, Test accuracy: 78.34
Round  75, Train loss: 0.477, Test loss: 0.587, Test accuracy: 78.49
Round  76, Train loss: 0.476, Test loss: 0.587, Test accuracy: 78.50
Round  77, Train loss: 0.437, Test loss: 0.600, Test accuracy: 78.41
Round  78, Train loss: 0.433, Test loss: 0.595, Test accuracy: 78.18
Round  79, Train loss: 0.485, Test loss: 0.586, Test accuracy: 78.70
Round  80, Train loss: 0.404, Test loss: 0.586, Test accuracy: 78.55
Round  81, Train loss: 0.386, Test loss: 0.591, Test accuracy: 78.70
Round  82, Train loss: 0.413, Test loss: 0.591, Test accuracy: 78.82
Round  83, Train loss: 0.469, Test loss: 0.585, Test accuracy: 79.18
Round  84, Train loss: 0.400, Test loss: 0.588, Test accuracy: 78.74
Round  85, Train loss: 0.447, Test loss: 0.592, Test accuracy: 78.54
Round  86, Train loss: 0.422, Test loss: 0.579, Test accuracy: 78.74
Round  87, Train loss: 0.418, Test loss: 0.578, Test accuracy: 78.93
Round  88, Train loss: 0.444, Test loss: 0.576, Test accuracy: 79.17
Round  89, Train loss: 0.430, Test loss: 0.579, Test accuracy: 79.13
Round  90, Train loss: 0.383, Test loss: 0.583, Test accuracy: 79.06
Round  91, Train loss: 0.399, Test loss: 0.588, Test accuracy: 79.07
Round  92, Train loss: 0.375, Test loss: 0.587, Test accuracy: 78.92
Round  93, Train loss: 0.411, Test loss: 0.579, Test accuracy: 79.36
Round  94, Train loss: 0.399, Test loss: 0.582, Test accuracy: 79.20
Round  95, Train loss: 0.391, Test loss: 0.572, Test accuracy: 79.43
Round  96, Train loss: 0.409, Test loss: 0.585, Test accuracy: 79.26
Round  97, Train loss: 0.386, Test loss: 0.580, Test accuracy: 79.44
Round  98, Train loss: 0.393, Test loss: 0.567, Test accuracy: 79.56
Round  99, Train loss: 0.402, Test loss: 0.575, Test accuracy: 79.80
Final Round, Train loss: 0.310, Test loss: 0.577, Test accuracy: 79.99
Average accuracy final 10 rounds: 79.31
1096.9883048534393
[1.6489768028259277, 2.9937076568603516, 4.343761920928955, 5.699399948120117, 7.050691366195679, 8.40561842918396, 9.751056432723999, 11.10905146598816, 12.452725887298584, 13.799872159957886, 15.147403240203857, 16.49148440361023, 17.83841896057129, 19.189040660858154, 20.539087057113647, 21.888298511505127, 23.231027841567993, 24.5767765045166, 25.925055027008057, 27.274033069610596, 28.630609035491943, 29.980952262878418, 31.326157808303833, 32.6813805103302, 34.0336697101593, 35.38501954078674, 36.73999500274658, 38.08710193634033, 39.44646215438843, 40.80169916152954, 42.14592218399048, 43.489317178726196, 44.83511710166931, 46.17460227012634, 47.52584743499756, 48.87377429008484, 50.225144386291504, 51.56869149208069, 52.91052985191345, 54.25997972488403, 55.606388092041016, 56.958338022232056, 58.307557106018066, 59.64687490463257, 60.99921441078186, 62.34706950187683, 63.6847665309906, 65.0201964378357, 66.36257314682007, 67.68836331367493, 69.03123092651367, 70.37186980247498, 71.70877385139465, 73.05516862869263, 74.39429974555969, 75.73971056938171, 77.08791160583496, 78.43224596977234, 79.7765429019928, 81.13060116767883, 82.4874472618103, 83.83203792572021, 85.17852425575256, 86.51789426803589, 87.86361002922058, 89.20301461219788, 90.5490493774414, 91.88071799278259, 93.23503971099854, 94.58357286453247, 95.92776799201965, 97.28379774093628, 98.61358451843262, 99.96595907211304, 101.3110523223877, 102.66329264640808, 104.00653004646301, 105.35052990913391, 106.7015609741211, 108.04444360733032, 109.3944776058197, 110.73349928855896, 112.08382511138916, 113.43989133834839, 114.79552507400513, 116.15009427070618, 117.51027965545654, 118.86832690238953, 120.2245922088623, 121.58177828788757, 122.93657898902893, 124.29373002052307, 125.64652895927429, 127.00354719161987, 128.3587028980255, 129.72218537330627, 131.0811047554016, 132.4351646900177, 133.7893316745758, 135.13757157325745, 137.22835659980774]
[20.21, 25.38, 36.4, 45.15, 51.97, 56.57, 57.47, 60.0, 60.03, 61.73, 62.41, 63.5, 64.13, 65.89, 65.98, 66.38, 66.61, 67.55, 67.83, 67.88, 67.97, 69.22, 68.89, 69.82, 70.3, 70.99, 71.09, 71.39, 71.81, 72.1, 72.47, 72.98, 73.24, 73.13, 73.14, 73.75, 73.07, 73.79, 74.7, 73.8, 74.33, 74.83, 75.74, 75.23, 75.21, 74.57, 75.08, 75.5, 75.58, 75.81, 75.65, 76.06, 76.22, 76.46, 77.31, 77.54, 77.19, 77.03, 77.4, 77.27, 77.27, 77.87, 77.75, 77.53, 77.63, 77.5, 77.76, 77.87, 77.72, 77.91, 77.96, 78.19, 78.42, 78.3, 78.34, 78.49, 78.5, 78.41, 78.18, 78.7, 78.55, 78.7, 78.82, 79.18, 78.74, 78.54, 78.74, 78.93, 79.17, 79.13, 79.06, 79.07, 78.92, 79.36, 79.2, 79.43, 79.26, 79.44, 79.56, 79.8, 79.99]
%%%%%%%%%%%%%%%%%%%%%%%%%%%%%%%%%%%%%%%%%%%%%%%%%%%%%%%%%%%%%%%%%%%%%%%%%%%%%%%%%% 

%%%%%%%%%%%%%%%%%%%%%%%%%%%%%%%%%%FedPAC_PSL%%%%%%%%%%%%%%%%%%%%%%%%%%%%%%%%%%%%%%%%%% 

# alg: fedrep , epochs: 100, shard_per_user: 5, limit_local_output: 0, local_rep_ep: 3 , local_only: 0, is_concept_shift: 0, dataset: cifar10,  filter_alg: none, level_n_system: 0.0 , level_n_lowerb:0.4  

Files already downloaded and verified
Files already downloaded and verified
CNNCifar(
  (conv1): Conv2d(3, 64, kernel_size=(5, 5), stride=(1, 1))
  (pool): MaxPool2d(kernel_size=2, stride=2, padding=0, dilation=1, ceil_mode=False)
  (conv2): Conv2d(64, 64, kernel_size=(5, 5), stride=(1, 1))
  (fc1): Linear(in_features=1600, out_features=120, bias=True)
  (fc2): Linear(in_features=120, out_features=64, bias=True)
  (fc3): Linear(in_features=64, out_features=10, bias=True)
)
odict_keys(['conv1.weight', 'conv1.bias', 'conv2.weight', 'conv2.bias', 'fc1.weight', 'fc1.bias', 'fc2.weight', 'fc2.bias', 'fc3.weight', 'fc3.bias'])
10
['fc1.weight', 'fc1.bias', 'fc2.weight', 'fc2.bias', 'conv2.weight', 'conv2.bias', 'conv1.weight', 'conv1.bias']
['conv1.weight', 'conv1.bias', 'conv2.weight', 'conv2.bias', 'fc1.weight', 'fc1.bias', 'fc2.weight', 'fc2.bias', 'fc3.weight', 'fc3.bias']
# Params: 307842 (local), 307192 (global); Percentage 99.79 (307192/307842)
learning rate, batch size: 0.01, 10
CNNCifar(
  (conv1): Conv2d(3, 64, kernel_size=(5, 5), stride=(1, 1))
  (pool): MaxPool2d(kernel_size=2, stride=2, padding=0, dilation=1, ceil_mode=False)
  (conv2): Conv2d(64, 64, kernel_size=(5, 5), stride=(1, 1))
  (fc1): Linear(in_features=1600, out_features=120, bias=True)
  (fc2): Linear(in_features=120, out_features=64, bias=True)
  (fc3): Linear(in_features=64, out_features=10, bias=True)
)
Round   0, Train loss: 1.671, Test loss: 1.611, Test accuracy: 38.66
Round   1, Train loss: 1.290, Test loss: 1.230, Test accuracy: 50.19
Round   2, Train loss: 1.133, Test loss: 1.106, Test accuracy: 56.20
Round   3, Train loss: 1.053, Test loss: 1.027, Test accuracy: 59.40
Round   4, Train loss: 0.993, Test loss: 0.982, Test accuracy: 61.36
Round   5, Train loss: 0.945, Test loss: 0.929, Test accuracy: 63.58
Round   6, Train loss: 0.900, Test loss: 0.886, Test accuracy: 65.33
Round   7, Train loss: 0.864, Test loss: 0.855, Test accuracy: 66.04
Round   8, Train loss: 0.827, Test loss: 0.848, Test accuracy: 67.17
Round   9, Train loss: 0.793, Test loss: 0.814, Test accuracy: 68.29
Round  10, Train loss: 0.762, Test loss: 0.794, Test accuracy: 69.34
Round  11, Train loss: 0.733, Test loss: 0.775, Test accuracy: 70.28
Round  12, Train loss: 0.707, Test loss: 0.760, Test accuracy: 70.65
Round  13, Train loss: 0.683, Test loss: 0.746, Test accuracy: 71.28
Round  14, Train loss: 0.661, Test loss: 0.726, Test accuracy: 72.26
Round  15, Train loss: 0.639, Test loss: 0.723, Test accuracy: 72.71
Round  16, Train loss: 0.621, Test loss: 0.698, Test accuracy: 73.86
Round  17, Train loss: 0.603, Test loss: 0.697, Test accuracy: 73.74
Round  18, Train loss: 0.581, Test loss: 0.683, Test accuracy: 74.36
Round  19, Train loss: 0.562, Test loss: 0.678, Test accuracy: 74.73
Round  20, Train loss: 0.544, Test loss: 0.692, Test accuracy: 74.34
Round  21, Train loss: 0.553, Test loss: 0.686, Test accuracy: 74.63
Round  22, Train loss: 0.561, Test loss: 0.689, Test accuracy: 74.86
Round  23, Train loss: 0.539, Test loss: 0.676, Test accuracy: 75.25
Round  24, Train loss: 0.470, Test loss: 0.669, Test accuracy: 75.06
Round  25, Train loss: 0.473, Test loss: 0.677, Test accuracy: 75.29
Round  26, Train loss: 0.500, Test loss: 0.672, Test accuracy: 75.55
Round  27, Train loss: 0.455, Test loss: 0.672, Test accuracy: 75.79
Round  28, Train loss: 0.432, Test loss: 0.666, Test accuracy: 75.74
Round  29, Train loss: 0.490, Test loss: 0.671, Test accuracy: 75.88
Round  30, Train loss: 0.457, Test loss: 0.667, Test accuracy: 76.10
Round  31, Train loss: 0.448, Test loss: 0.652, Test accuracy: 76.36
Round  32, Train loss: 0.456, Test loss: 0.653, Test accuracy: 76.17
Round  33, Train loss: 0.404, Test loss: 0.659, Test accuracy: 76.63
Round  34, Train loss: 0.424, Test loss: 0.654, Test accuracy: 76.69
Round  35, Train loss: 0.433, Test loss: 0.655, Test accuracy: 76.74
Round  36, Train loss: 0.382, Test loss: 0.660, Test accuracy: 76.48
Round  37, Train loss: 0.367, Test loss: 0.672, Test accuracy: 76.55
Round  38, Train loss: 0.356, Test loss: 0.672, Test accuracy: 76.99
Round  39, Train loss: 0.397, Test loss: 0.666, Test accuracy: 76.75
Round  40, Train loss: 0.396, Test loss: 0.657, Test accuracy: 77.11
Round  41, Train loss: 0.325, Test loss: 0.669, Test accuracy: 77.18
Round  42, Train loss: 0.344, Test loss: 0.670, Test accuracy: 77.47
Round  43, Train loss: 0.328, Test loss: 0.667, Test accuracy: 77.14
Round  44, Train loss: 0.389, Test loss: 0.648, Test accuracy: 77.40
Round  45, Train loss: 0.362, Test loss: 0.645, Test accuracy: 77.64
Round  46, Train loss: 0.328, Test loss: 0.667, Test accuracy: 76.77
Round  47, Train loss: 0.310, Test loss: 0.650, Test accuracy: 77.30
Round  48, Train loss: 0.302, Test loss: 0.647, Test accuracy: 77.36
Round  49, Train loss: 0.262, Test loss: 0.666, Test accuracy: 77.19
Round  50, Train loss: 0.365, Test loss: 0.659, Test accuracy: 77.50
Round  51, Train loss: 0.340, Test loss: 0.654, Test accuracy: 77.40
Round  52, Train loss: 0.364, Test loss: 0.651, Test accuracy: 77.64
Round  53, Train loss: 0.324, Test loss: 0.658, Test accuracy: 77.57
Round  54, Train loss: 0.259, Test loss: 0.644, Test accuracy: 77.98
Round  55, Train loss: 0.242, Test loss: 0.666, Test accuracy: 77.40
Round  56, Train loss: 0.346, Test loss: 0.657, Test accuracy: 78.06
Round  57, Train loss: 0.298, Test loss: 0.650, Test accuracy: 77.90
Round  58, Train loss: 0.263, Test loss: 0.663, Test accuracy: 77.97
Round  59, Train loss: 0.296, Test loss: 0.661, Test accuracy: 77.65
Round  60, Train loss: 0.271, Test loss: 0.679, Test accuracy: 77.81
Round  61, Train loss: 0.230, Test loss: 0.661, Test accuracy: 77.72
Round  62, Train loss: 0.338, Test loss: 0.663, Test accuracy: 78.11
Round  63, Train loss: 0.293, Test loss: 0.659, Test accuracy: 77.86
Round  64, Train loss: 0.263, Test loss: 0.655, Test accuracy: 78.15
Round  65, Train loss: 0.273, Test loss: 0.653, Test accuracy: 78.18
Round  66, Train loss: 0.304, Test loss: 0.675, Test accuracy: 77.98
Round  67, Train loss: 0.279, Test loss: 0.688, Test accuracy: 77.67
Round  68, Train loss: 0.256, Test loss: 0.656, Test accuracy: 78.29
Round  69, Train loss: 0.251, Test loss: 0.670, Test accuracy: 78.40
Round  70, Train loss: 0.252, Test loss: 0.655, Test accuracy: 78.30
Round  71, Train loss: 0.280, Test loss: 0.652, Test accuracy: 78.09
Round  72, Train loss: 0.230, Test loss: 0.662, Test accuracy: 78.42
Round  73, Train loss: 0.250, Test loss: 0.677, Test accuracy: 77.93
Round  74, Train loss: 0.242, Test loss: 0.669, Test accuracy: 78.09
Round  75, Train loss: 0.213, Test loss: 0.671, Test accuracy: 78.18
Round  76, Train loss: 0.295, Test loss: 0.666, Test accuracy: 78.36
Round  77, Train loss: 0.212, Test loss: 0.667, Test accuracy: 78.60
Round  78, Train loss: 0.223, Test loss: 0.656, Test accuracy: 78.76
Round  79, Train loss: 0.218, Test loss: 0.685, Test accuracy: 78.15
Round  80, Train loss: 0.192, Test loss: 0.660, Test accuracy: 78.78
Round  81, Train loss: 0.170, Test loss: 0.677, Test accuracy: 78.47
Round  82, Train loss: 0.159, Test loss: 0.672, Test accuracy: 78.78
Round  83, Train loss: 0.161, Test loss: 0.675, Test accuracy: 78.65
Round  84, Train loss: 0.149, Test loss: 0.685, Test accuracy: 78.50
Round  85, Train loss: 0.142, Test loss: 0.681, Test accuracy: 78.59
Round  86, Train loss: 0.142, Test loss: 0.678, Test accuracy: 78.45
Round  87, Train loss: 0.135, Test loss: 0.687, Test accuracy: 78.44
Round  88, Train loss: 0.138, Test loss: 0.698, Test accuracy: 78.63
Round  89, Train loss: 0.135, Test loss: 0.701, Test accuracy: 78.31
Round  90, Train loss: 0.216, Test loss: 0.662, Test accuracy: 78.96
Round  91, Train loss: 0.202, Test loss: 0.659, Test accuracy: 79.38
Round  92, Train loss: 0.203, Test loss: 0.663, Test accuracy: 78.95
Round  93, Train loss: 0.197, Test loss: 0.663, Test accuracy: 79.23
Round  94, Train loss: 0.197, Test loss: 0.657, Test accuracy: 79.35
Round  95, Train loss: 0.186, Test loss: 0.662, Test accuracy: 79.54
Round  96, Train loss: 0.194, Test loss: 0.659, Test accuracy: 79.45
Round  97, Train loss: 0.182, Test loss: 0.663, Test accuracy: 79.07
Round  98, Train loss: 0.186, Test loss: 0.657, Test accuracy: 79.52
Round  99, Train loss: 0.186, Test loss: 0.675, Test accuracy: 79.15
Final Round, Train loss: 0.148, Test loss: 0.669, Test accuracy: 79.65
Average accuracy final 10 rounds: 79.26
2860.763026237488
[3.0230393409729004, 5.729834318161011, 8.425826787948608, 11.121827363967896, 13.839182376861572, 16.529085397720337, 19.128108501434326, 21.486732721328735, 23.85946559906006, 26.213804960250854, 28.579264163970947, 30.92380666732788, 33.27311825752258, 35.63607335090637, 37.983428955078125, 40.344725370407104, 42.689244508743286, 45.050183057785034, 47.405091762542725, 49.80417203903198, 52.20543026924133, 54.59345817565918, 56.99309301376343, 59.40425205230713, 61.77936673164368, 64.18870329856873, 66.56172704696655, 68.94624757766724, 71.29920506477356, 73.66482543945312, 76.04882383346558, 78.44406247138977, 80.79997229576111, 83.17359375953674, 85.58188581466675, 87.9558413028717, 90.33237409591675, 92.71043133735657, 95.07404088973999, 97.45246028900146, 99.85811424255371, 102.23601031303406, 104.62797665596008, 107.0052878856659, 109.3800733089447, 111.74885153770447, 114.12493109703064, 116.51232385635376, 118.88580989837646, 121.28770875930786, 123.6792938709259, 126.08511900901794, 128.49760603904724, 130.90371298789978, 133.3231644630432, 135.7182116508484, 138.1283164024353, 140.51594495773315, 142.90352416038513, 145.55048608779907, 148.20353746414185, 150.86673498153687, 153.52594709396362, 156.1845474243164, 158.83077573776245, 161.47690629959106, 164.1325445175171, 166.8216109275818, 169.52044773101807, 171.87836527824402, 174.23531413078308, 176.599116563797, 178.9745090007782, 181.34506154060364, 183.67544293403625, 186.01466584205627, 188.35675072669983, 190.68824982643127, 193.02100133895874, 195.38864064216614, 197.73865294456482, 200.07950139045715, 202.41886591911316, 204.75949215888977, 207.1135275363922, 209.4491147994995, 211.78950262069702, 214.13476514816284, 216.4857096672058, 218.82166624069214, 221.17766666412354, 223.51878929138184, 225.86588168144226, 228.21290683746338, 230.56986355781555, 232.92777729034424, 235.28069424629211, 237.63425087928772, 239.98477411270142, 242.33398056030273, 246.1311478614807]
[38.66, 50.19, 56.2, 59.4, 61.36, 63.58, 65.33, 66.04, 67.17, 68.29, 69.34, 70.28, 70.65, 71.28, 72.26, 72.71, 73.86, 73.74, 74.36, 74.73, 74.34, 74.63, 74.86, 75.25, 75.06, 75.29, 75.55, 75.79, 75.74, 75.88, 76.1, 76.36, 76.17, 76.63, 76.69, 76.74, 76.48, 76.55, 76.99, 76.75, 77.11, 77.18, 77.47, 77.14, 77.4, 77.64, 76.77, 77.3, 77.36, 77.19, 77.5, 77.4, 77.64, 77.57, 77.98, 77.4, 78.06, 77.9, 77.97, 77.65, 77.81, 77.72, 78.11, 77.86, 78.15, 78.18, 77.98, 77.67, 78.29, 78.4, 78.3, 78.09, 78.42, 77.93, 78.09, 78.18, 78.36, 78.6, 78.76, 78.15, 78.78, 78.47, 78.78, 78.65, 78.5, 78.59, 78.45, 78.44, 78.63, 78.31, 78.96, 79.38, 78.95, 79.23, 79.35, 79.54, 79.45, 79.07, 79.52, 79.15, 79.65]
%%%%%%%%%%%%%%%%%%%%%%%%%%%%%%%%%%%%%%%%%%%%%%%%%%%%%%%%%%%%%%%%%%%%%%%%%%%%%%%%%% 

%%%%%%%%%%%%%%%%%%%%%%%%%%%%%%%%%%FedPAC_PSL%%%%%%%%%%%%%%%%%%%%%%%%%%%%%%%%%%%%%%%%%% 

# alg: fedrep , epochs: 100, shard_per_user: 5, limit_local_output: 0, local_rep_ep: 3 , local_only: 0, is_concept_shift: 0, dataset: cifar10,  filter_alg: loss_psl, level_n_system: 0.0 , level_n_lowerb:0.4  

Files already downloaded and verified
Files already downloaded and verified
CNNCifar(
  (conv1): Conv2d(3, 64, kernel_size=(5, 5), stride=(1, 1))
  (pool): MaxPool2d(kernel_size=2, stride=2, padding=0, dilation=1, ceil_mode=False)
  (conv2): Conv2d(64, 64, kernel_size=(5, 5), stride=(1, 1))
  (fc1): Linear(in_features=1600, out_features=120, bias=True)
  (fc2): Linear(in_features=120, out_features=64, bias=True)
  (fc3): Linear(in_features=64, out_features=10, bias=True)
)
odict_keys(['conv1.weight', 'conv1.bias', 'conv2.weight', 'conv2.bias', 'fc1.weight', 'fc1.bias', 'fc2.weight', 'fc2.bias', 'fc3.weight', 'fc3.bias'])
10
['fc1.weight', 'fc1.bias', 'fc2.weight', 'fc2.bias', 'conv2.weight', 'conv2.bias', 'conv1.weight', 'conv1.bias']
['conv1.weight', 'conv1.bias', 'conv2.weight', 'conv2.bias', 'fc1.weight', 'fc1.bias', 'fc2.weight', 'fc2.bias', 'fc3.weight', 'fc3.bias']
# Params: 307842 (local), 307192 (global); Percentage 99.79 (307192/307842)
learning rate, batch size: 0.01, 10
CNNCifar(
  (conv1): Conv2d(3, 64, kernel_size=(5, 5), stride=(1, 1))
  (pool): MaxPool2d(kernel_size=2, stride=2, padding=0, dilation=1, ceil_mode=False)
  (conv2): Conv2d(64, 64, kernel_size=(5, 5), stride=(1, 1))
  (fc1): Linear(in_features=1600, out_features=120, bias=True)
  (fc2): Linear(in_features=120, out_features=64, bias=True)
  (fc3): Linear(in_features=64, out_features=10, bias=True)
)
Round   0, Train loss: 1.708, Test loss: 1.687, Test accuracy: 35.68
Round   1, Train loss: 1.339, Test loss: 1.262, Test accuracy: 50.30
Round   2, Train loss: 1.155, Test loss: 1.108, Test accuracy: 55.86
Round   3, Train loss: 1.059, Test loss: 1.026, Test accuracy: 59.28
Round   4, Train loss: 0.997, Test loss: 0.976, Test accuracy: 60.96
Round   5, Train loss: 0.951, Test loss: 0.931, Test accuracy: 63.07
Round   6, Train loss: 0.906, Test loss: 0.889, Test accuracy: 64.92
Round   7, Train loss: 0.870, Test loss: 0.854, Test accuracy: 66.68
Round   8, Train loss: 0.835, Test loss: 0.841, Test accuracy: 67.27
Round   9, Train loss: 0.802, Test loss: 0.826, Test accuracy: 68.06
Round  10, Train loss: 0.772, Test loss: 0.807, Test accuracy: 68.35
Round  11, Train loss: 0.740, Test loss: 0.793, Test accuracy: 69.24
Round  12, Train loss: 0.714, Test loss: 0.763, Test accuracy: 70.35
Round  13, Train loss: 0.690, Test loss: 0.751, Test accuracy: 71.07
Round  14, Train loss: 0.667, Test loss: 0.726, Test accuracy: 72.41
Round  15, Train loss: 0.645, Test loss: 0.720, Test accuracy: 72.44
Round  16, Train loss: 0.624, Test loss: 0.711, Test accuracy: 73.10
Round  17, Train loss: 0.600, Test loss: 0.687, Test accuracy: 74.32
Round  18, Train loss: 0.587, Test loss: 0.685, Test accuracy: 74.13
Round  19, Train loss: 0.569, Test loss: 0.684, Test accuracy: 74.42
Round  20, Train loss: 0.530, Test loss: 0.704, Test accuracy: 73.92
Round  21, Train loss: 0.570, Test loss: 0.698, Test accuracy: 74.37
Round  22, Train loss: 0.549, Test loss: 0.682, Test accuracy: 74.77
Round  23, Train loss: 0.544, Test loss: 0.694, Test accuracy: 74.25
Round  24, Train loss: 0.494, Test loss: 0.692, Test accuracy: 74.75
Round  25, Train loss: 0.489, Test loss: 0.700, Test accuracy: 74.61
Round  26, Train loss: 0.490, Test loss: 0.701, Test accuracy: 74.35
Round  27, Train loss: 0.480, Test loss: 0.669, Test accuracy: 75.53
Round  28, Train loss: 0.463, Test loss: 0.678, Test accuracy: 75.29
Round  29, Train loss: 0.474, Test loss: 0.675, Test accuracy: 75.65
Round  30, Train loss: 0.422, Test loss: 0.668, Test accuracy: 75.93
Round  31, Train loss: 0.413, Test loss: 0.684, Test accuracy: 75.90
Round  32, Train loss: 0.473, Test loss: 0.672, Test accuracy: 75.81
Round  33, Train loss: 0.405, Test loss: 0.667, Test accuracy: 76.61
Round  34, Train loss: 0.418, Test loss: 0.666, Test accuracy: 76.19
Round  35, Train loss: 0.442, Test loss: 0.671, Test accuracy: 76.77
Round  36, Train loss: 0.407, Test loss: 0.670, Test accuracy: 76.75
Round  37, Train loss: 0.390, Test loss: 0.663, Test accuracy: 76.92
Round  38, Train loss: 0.388, Test loss: 0.661, Test accuracy: 77.24
Round  39, Train loss: 0.373, Test loss: 0.665, Test accuracy: 77.01
Round  40, Train loss: 0.374, Test loss: 0.658, Test accuracy: 76.60
Round  41, Train loss: 0.312, Test loss: 0.657, Test accuracy: 76.74
Round  42, Train loss: 0.373, Test loss: 0.649, Test accuracy: 77.44
Round  43, Train loss: 0.340, Test loss: 0.666, Test accuracy: 77.04
Round  44, Train loss: 0.321, Test loss: 0.654, Test accuracy: 77.70
Round  45, Train loss: 0.333, Test loss: 0.651, Test accuracy: 77.54
Round  46, Train loss: 0.353, Test loss: 0.663, Test accuracy: 77.53
Round  47, Train loss: 0.352, Test loss: 0.665, Test accuracy: 77.21
Round  48, Train loss: 0.319, Test loss: 0.652, Test accuracy: 78.16
Round  49, Train loss: 0.305, Test loss: 0.652, Test accuracy: 77.70
Round  50, Train loss: 0.320, Test loss: 0.653, Test accuracy: 78.36
Round  51, Train loss: 0.267, Test loss: 0.661, Test accuracy: 78.44
Round  52, Train loss: 0.297, Test loss: 0.637, Test accuracy: 78.35
Round  53, Train loss: 0.316, Test loss: 0.646, Test accuracy: 78.41
Round  54, Train loss: 0.326, Test loss: 0.645, Test accuracy: 78.77
Round  55, Train loss: 0.310, Test loss: 0.648, Test accuracy: 78.57
Round  56, Train loss: 0.305, Test loss: 0.654, Test accuracy: 78.90
Round  57, Train loss: 0.259, Test loss: 0.665, Test accuracy: 78.29
Round  58, Train loss: 0.310, Test loss: 0.656, Test accuracy: 78.53
Round  59, Train loss: 0.265, Test loss: 0.662, Test accuracy: 78.42
Round  60, Train loss: 0.244, Test loss: 0.660, Test accuracy: 78.28
Round  61, Train loss: 0.305, Test loss: 0.652, Test accuracy: 78.57
Round  62, Train loss: 0.249, Test loss: 0.666, Test accuracy: 78.65
Round  63, Train loss: 0.233, Test loss: 0.692, Test accuracy: 78.04
Round  64, Train loss: 0.271, Test loss: 0.668, Test accuracy: 78.65
Round  65, Train loss: 0.287, Test loss: 0.656, Test accuracy: 78.48
Round  66, Train loss: 0.246, Test loss: 0.668, Test accuracy: 78.34
Round  67, Train loss: 0.274, Test loss: 0.659, Test accuracy: 78.72
Round  68, Train loss: 0.238, Test loss: 0.686, Test accuracy: 77.96
Round  69, Train loss: 0.253, Test loss: 0.689, Test accuracy: 78.14
Round  70, Train loss: 0.257, Test loss: 0.675, Test accuracy: 78.53
Round  71, Train loss: 0.241, Test loss: 0.675, Test accuracy: 78.30
Round  72, Train loss: 0.227, Test loss: 0.673, Test accuracy: 78.73
Round  73, Train loss: 0.244, Test loss: 0.675, Test accuracy: 78.56
Round  74, Train loss: 0.237, Test loss: 0.671, Test accuracy: 78.57
Round  75, Train loss: 0.220, Test loss: 0.670, Test accuracy: 78.91
Round  76, Train loss: 0.244, Test loss: 0.663, Test accuracy: 79.01
Round  77, Train loss: 0.229, Test loss: 0.685, Test accuracy: 78.74
Round  78, Train loss: 0.253, Test loss: 0.666, Test accuracy: 78.96
Round  79, Train loss: 0.206, Test loss: 0.677, Test accuracy: 78.53
Round  80, Train loss: 0.189, Test loss: 0.670, Test accuracy: 78.99
Round  81, Train loss: 0.176, Test loss: 0.676, Test accuracy: 78.84
Round  82, Train loss: 0.164, Test loss: 0.687, Test accuracy: 78.68
Round  83, Train loss: 0.163, Test loss: 0.689, Test accuracy: 78.50
Round  84, Train loss: 0.147, Test loss: 0.706, Test accuracy: 78.16
Round  85, Train loss: 0.140, Test loss: 0.704, Test accuracy: 78.65
Round  86, Train loss: 0.141, Test loss: 0.710, Test accuracy: 78.39
Round  87, Train loss: 0.139, Test loss: 0.701, Test accuracy: 78.76
Round  88, Train loss: 0.130, Test loss: 0.700, Test accuracy: 78.78
Round  89, Train loss: 0.127, Test loss: 0.710, Test accuracy: 78.59
Round  90, Train loss: 0.214, Test loss: 0.680, Test accuracy: 79.37
Round  91, Train loss: 0.208, Test loss: 0.679, Test accuracy: 79.28
Round  92, Train loss: 0.207, Test loss: 0.678, Test accuracy: 79.10
Round  93, Train loss: 0.194, Test loss: 0.678, Test accuracy: 79.51
Round  94, Train loss: 0.196, Test loss: 0.678, Test accuracy: 79.33
Round  95, Train loss: 0.192, Test loss: 0.686, Test accuracy: 79.36
Round  96, Train loss: 0.190, Test loss: 0.692, Test accuracy: 79.41
Round  97, Train loss: 0.186, Test loss: 0.682, Test accuracy: 79.62
Round  98, Train loss: 0.190, Test loss: 0.682, Test accuracy: 79.49
Round  99, Train loss: 0.181, Test loss: 0.682, Test accuracy: 79.44
Final Round, Train loss: 0.151, Test loss: 0.680, Test accuracy: 79.62
Average accuracy final 10 rounds: 79.391
4740.81572842598
[3.1280248165130615, 5.93183970451355, 8.743380308151245, 11.582205057144165, 14.406812906265259, 17.233112812042236, 20.072659015655518, 22.953434944152832, 25.786191701889038, 28.62316131591797, 31.42407488822937, 34.25724697113037, 37.05659556388855, 39.882309675216675, 42.71476936340332, 45.539727210998535, 48.39678621292114, 51.22159290313721, 54.05693221092224, 56.86437368392944, 59.69239068031311, 65.09855890274048, 70.48550033569336, 75.875155210495, 81.17280530929565, 86.4168746471405, 91.66796541213989, 96.88378643989563, 102.13880777359009, 107.50076794624329, 112.70425367355347, 117.91528487205505, 123.28755378723145, 128.52517437934875, 133.86375665664673, 139.08246970176697, 144.31925916671753, 149.5628044605255, 154.83965802192688, 160.19191908836365, 165.46877431869507, 170.6859188079834, 175.99590516090393, 181.23091793060303, 186.4693021774292, 191.53670954704285, 196.734365940094, 201.77645802497864, 206.8801507949829, 212.00292778015137, 216.93259859085083, 222.00542092323303, 227.09935355186462, 232.03798508644104, 237.16637873649597, 242.15200662612915, 247.1218342781067, 252.2042474746704, 257.16977190971375, 262.10183930397034, 267.06709337234497, 272.19618582725525, 277.1806790828705, 282.16696977615356, 287.2811086177826, 292.2326822280884, 297.3629388809204, 302.3190641403198, 307.3614013195038, 312.32980251312256, 317.2734565734863, 322.3893804550171, 327.3410725593567, 332.37054085731506, 337.4957196712494, 342.47835755348206, 347.64490580558777, 352.8764476776123, 358.17176246643066, 363.333771944046, 368.4979782104492, 373.80531334877014, 378.9675793647766, 384.2462227344513, 389.4874234199524, 394.65829968452454, 399.95033502578735, 405.16837072372437, 410.4582953453064, 415.73126125335693, 420.84151434898376, 425.9805643558502, 431.03352451324463, 436.0670030117035, 441.10105180740356, 446.13155150413513, 451.2076621055603, 456.24111557006836, 461.26459407806396, 466.17140650749207, 470.33327078819275]
[35.68, 50.3, 55.86, 59.28, 60.96, 63.07, 64.92, 66.68, 67.27, 68.06, 68.35, 69.24, 70.35, 71.07, 72.41, 72.44, 73.1, 74.32, 74.13, 74.42, 73.92, 74.37, 74.77, 74.25, 74.75, 74.61, 74.35, 75.53, 75.29, 75.65, 75.93, 75.9, 75.81, 76.61, 76.19, 76.77, 76.75, 76.92, 77.24, 77.01, 76.6, 76.74, 77.44, 77.04, 77.7, 77.54, 77.53, 77.21, 78.16, 77.7, 78.36, 78.44, 78.35, 78.41, 78.77, 78.57, 78.9, 78.29, 78.53, 78.42, 78.28, 78.57, 78.65, 78.04, 78.65, 78.48, 78.34, 78.72, 77.96, 78.14, 78.53, 78.3, 78.73, 78.56, 78.57, 78.91, 79.01, 78.74, 78.96, 78.53, 78.99, 78.84, 78.68, 78.5, 78.16, 78.65, 78.39, 78.76, 78.78, 78.59, 79.37, 79.28, 79.1, 79.51, 79.33, 79.36, 79.41, 79.62, 79.49, 79.44, 79.62]
%%%%%%%%%%%%%%%%%%%%%%%%%%%%%%%%%%%%%%%%%%%%%%%%%%%%%%%%%%%%%%%%%%%%%%%%%%%%%%%%%% 

%%%%%%%%%%%%%%%%%%%%%%%%%%%%%%%%%%FedPAC_PSL%%%%%%%%%%%%%%%%%%%%%%%%%%%%%%%%%%%%%%%%%% 

# alg: fedrep , epochs: 100, shard_per_user: 5, limit_local_output: 0, local_rep_ep: 3 , local_only: 0, is_concept_shift: 0, dataset: cifar10,  filter_alg: loss_psl, level_n_system: 0.0 , level_n_lowerb:0.4  

Files already downloaded and verified
Files already downloaded and verified
CNNCifar(
  (conv1): Conv2d(3, 64, kernel_size=(5, 5), stride=(1, 1))
  (pool): MaxPool2d(kernel_size=2, stride=2, padding=0, dilation=1, ceil_mode=False)
  (conv2): Conv2d(64, 64, kernel_size=(5, 5), stride=(1, 1))
  (fc1): Linear(in_features=1600, out_features=120, bias=True)
  (fc2): Linear(in_features=120, out_features=64, bias=True)
  (fc3): Linear(in_features=64, out_features=10, bias=True)
)
odict_keys(['conv1.weight', 'conv1.bias', 'conv2.weight', 'conv2.bias', 'fc1.weight', 'fc1.bias', 'fc2.weight', 'fc2.bias', 'fc3.weight', 'fc3.bias'])
10
['fc1.weight', 'fc1.bias', 'fc2.weight', 'fc2.bias', 'conv2.weight', 'conv2.bias', 'conv1.weight', 'conv1.bias']
['conv1.weight', 'conv1.bias', 'conv2.weight', 'conv2.bias', 'fc1.weight', 'fc1.bias', 'fc2.weight', 'fc2.bias', 'fc3.weight', 'fc3.bias']
# Params: 307842 (local), 307192 (global); Percentage 99.79 (307192/307842)
learning rate, batch size: 0.01, 10
CNNCifar(
  (conv1): Conv2d(3, 64, kernel_size=(5, 5), stride=(1, 1))
  (pool): MaxPool2d(kernel_size=2, stride=2, padding=0, dilation=1, ceil_mode=False)
  (conv2): Conv2d(64, 64, kernel_size=(5, 5), stride=(1, 1))
  (fc1): Linear(in_features=1600, out_features=120, bias=True)
  (fc2): Linear(in_features=120, out_features=64, bias=True)
  (fc3): Linear(in_features=64, out_features=10, bias=True)
)
Round   0, Train loss: 1.693, Test loss: 1.659, Test accuracy: 38.17
Round   1, Train loss: 1.322, Test loss: 1.272, Test accuracy: 48.60
Round   2, Train loss: 1.147, Test loss: 1.119, Test accuracy: 55.20
Round   3, Train loss: 1.055, Test loss: 1.046, Test accuracy: 58.33
Round   4, Train loss: 0.996, Test loss: 0.985, Test accuracy: 61.48
Round   5, Train loss: 0.943, Test loss: 0.916, Test accuracy: 63.88
Round   6, Train loss: 0.902, Test loss: 0.897, Test accuracy: 64.67
Round   7, Train loss: 0.861, Test loss: 0.869, Test accuracy: 65.88
Round   8, Train loss: 0.824, Test loss: 0.826, Test accuracy: 67.75
Round   9, Train loss: 0.791, Test loss: 0.803, Test accuracy: 68.64
Round  10, Train loss: 0.758, Test loss: 0.790, Test accuracy: 69.92
Round  11, Train loss: 0.733, Test loss: 0.759, Test accuracy: 70.81
Round  12, Train loss: 0.705, Test loss: 0.737, Test accuracy: 71.81
Round  13, Train loss: 0.682, Test loss: 0.741, Test accuracy: 71.31
Round  14, Train loss: 0.657, Test loss: 0.718, Test accuracy: 72.54
Round  15, Train loss: 0.636, Test loss: 0.704, Test accuracy: 73.49
Round  16, Train loss: 0.615, Test loss: 0.705, Test accuracy: 73.19
Round  17, Train loss: 0.595, Test loss: 0.675, Test accuracy: 74.70
Round  18, Train loss: 0.576, Test loss: 0.694, Test accuracy: 73.69
Round  19, Train loss: 0.563, Test loss: 0.680, Test accuracy: 74.67
Round  20, Train loss: 0.542, Test loss: 0.715, Test accuracy: 73.17
Round  21, Train loss: 0.528, Test loss: 0.698, Test accuracy: 74.39
Round  22, Train loss: 0.509, Test loss: 0.687, Test accuracy: 74.53
Round  23, Train loss: 0.533, Test loss: 0.688, Test accuracy: 74.93
Round  24, Train loss: 0.431, Test loss: 0.708, Test accuracy: 74.21
Round  25, Train loss: 0.505, Test loss: 0.693, Test accuracy: 75.12
Round  26, Train loss: 0.524, Test loss: 0.681, Test accuracy: 75.04
Round  27, Train loss: 0.457, Test loss: 0.673, Test accuracy: 76.13
Round  28, Train loss: 0.463, Test loss: 0.676, Test accuracy: 75.54
Round  29, Train loss: 0.473, Test loss: 0.673, Test accuracy: 75.91
Round  30, Train loss: 0.426, Test loss: 0.671, Test accuracy: 75.60
Round  31, Train loss: 0.439, Test loss: 0.677, Test accuracy: 75.93
Round  32, Train loss: 0.446, Test loss: 0.678, Test accuracy: 75.50
Round  33, Train loss: 0.397, Test loss: 0.677, Test accuracy: 76.21
Round  34, Train loss: 0.418, Test loss: 0.659, Test accuracy: 76.72
Round  35, Train loss: 0.426, Test loss: 0.671, Test accuracy: 76.28
Round  36, Train loss: 0.461, Test loss: 0.666, Test accuracy: 76.54
Round  37, Train loss: 0.380, Test loss: 0.668, Test accuracy: 77.05
Round  38, Train loss: 0.354, Test loss: 0.665, Test accuracy: 77.23
Round  39, Train loss: 0.414, Test loss: 0.661, Test accuracy: 77.29
Round  40, Train loss: 0.332, Test loss: 0.675, Test accuracy: 77.32
Round  41, Train loss: 0.307, Test loss: 0.675, Test accuracy: 77.56
Round  42, Train loss: 0.349, Test loss: 0.675, Test accuracy: 76.99
Round  43, Train loss: 0.307, Test loss: 0.669, Test accuracy: 77.44
Round  44, Train loss: 0.389, Test loss: 0.651, Test accuracy: 77.76
Round  45, Train loss: 0.302, Test loss: 0.679, Test accuracy: 77.42
Round  46, Train loss: 0.343, Test loss: 0.679, Test accuracy: 77.21
Round  47, Train loss: 0.352, Test loss: 0.681, Test accuracy: 77.12
Round  48, Train loss: 0.339, Test loss: 0.667, Test accuracy: 77.27
Round  49, Train loss: 0.311, Test loss: 0.666, Test accuracy: 77.27
Round  50, Train loss: 0.337, Test loss: 0.678, Test accuracy: 77.22
Round  51, Train loss: 0.348, Test loss: 0.653, Test accuracy: 77.48
Round  52, Train loss: 0.305, Test loss: 0.669, Test accuracy: 77.68
Round  53, Train loss: 0.266, Test loss: 0.670, Test accuracy: 77.62
Round  54, Train loss: 0.290, Test loss: 0.651, Test accuracy: 78.18
Round  55, Train loss: 0.317, Test loss: 0.665, Test accuracy: 78.26
Round  56, Train loss: 0.284, Test loss: 0.661, Test accuracy: 78.12
Round  57, Train loss: 0.261, Test loss: 0.673, Test accuracy: 77.98
Round  58, Train loss: 0.300, Test loss: 0.659, Test accuracy: 78.54
Round  59, Train loss: 0.256, Test loss: 0.679, Test accuracy: 78.09
Round  60, Train loss: 0.257, Test loss: 0.678, Test accuracy: 77.75
Round  61, Train loss: 0.249, Test loss: 0.673, Test accuracy: 78.37
Round  62, Train loss: 0.254, Test loss: 0.670, Test accuracy: 78.37
Round  63, Train loss: 0.297, Test loss: 0.672, Test accuracy: 78.14
Round  64, Train loss: 0.264, Test loss: 0.682, Test accuracy: 78.17
Round  65, Train loss: 0.276, Test loss: 0.664, Test accuracy: 78.47
Round  66, Train loss: 0.255, Test loss: 0.667, Test accuracy: 78.67
Round  67, Train loss: 0.276, Test loss: 0.667, Test accuracy: 78.39
Round  68, Train loss: 0.221, Test loss: 0.679, Test accuracy: 77.86
Round  69, Train loss: 0.234, Test loss: 0.686, Test accuracy: 77.95
Round  70, Train loss: 0.258, Test loss: 0.679, Test accuracy: 78.18
Round  71, Train loss: 0.271, Test loss: 0.694, Test accuracy: 77.95
Round  72, Train loss: 0.238, Test loss: 0.690, Test accuracy: 78.25
Round  73, Train loss: 0.245, Test loss: 0.704, Test accuracy: 77.80
Round  74, Train loss: 0.242, Test loss: 0.678, Test accuracy: 77.92
Round  75, Train loss: 0.229, Test loss: 0.670, Test accuracy: 78.78
Round  76, Train loss: 0.211, Test loss: 0.678, Test accuracy: 79.02
Round  77, Train loss: 0.286, Test loss: 0.667, Test accuracy: 78.79
Round  78, Train loss: 0.236, Test loss: 0.673, Test accuracy: 79.13
Round  79, Train loss: 0.218, Test loss: 0.688, Test accuracy: 78.48
Round  80, Train loss: 0.179, Test loss: 0.680, Test accuracy: 78.66
Round  81, Train loss: 0.163, Test loss: 0.677, Test accuracy: 78.70
Round  82, Train loss: 0.160, Test loss: 0.670, Test accuracy: 79.12
Round  83, Train loss: 0.150, Test loss: 0.682, Test accuracy: 78.76
Round  84, Train loss: 0.143, Test loss: 0.690, Test accuracy: 78.67
Round  85, Train loss: 0.143, Test loss: 0.702, Test accuracy: 78.50
Round  86, Train loss: 0.135, Test loss: 0.709, Test accuracy: 78.58
Round  87, Train loss: 0.132, Test loss: 0.703, Test accuracy: 78.58
Round  88, Train loss: 0.125, Test loss: 0.712, Test accuracy: 78.54
Round  89, Train loss: 0.122, Test loss: 0.718, Test accuracy: 78.46
Round  90, Train loss: 0.216, Test loss: 0.697, Test accuracy: 78.76
Round  91, Train loss: 0.205, Test loss: 0.688, Test accuracy: 78.93
Round  92, Train loss: 0.196, Test loss: 0.675, Test accuracy: 79.57
Round  93, Train loss: 0.196, Test loss: 0.672, Test accuracy: 79.29
Round  94, Train loss: 0.191, Test loss: 0.675, Test accuracy: 79.36
Round  95, Train loss: 0.183, Test loss: 0.687, Test accuracy: 79.19
Round  96, Train loss: 0.187, Test loss: 0.684, Test accuracy: 79.30
Round  97, Train loss: 0.183, Test loss: 0.684, Test accuracy: 79.43
Round  98, Train loss: 0.185, Test loss: 0.677, Test accuracy: 79.50
Round  99, Train loss: 0.178, Test loss: 0.679, Test accuracy: 79.27
Final Round, Train loss: 0.150, Test loss: 0.677, Test accuracy: 79.86
Average accuracy final 10 rounds: 79.25999999999999
4803.558392763138
[3.185025691986084, 6.038498878479004, 8.881561279296875, 11.724697351455688, 14.575788736343384, 17.424126863479614, 20.275963306427002, 23.14101767539978, 26.003474473953247, 28.860400199890137, 31.714224576950073, 34.57464647293091, 37.432201623916626, 40.29284429550171, 43.140507221221924, 45.9911892414093, 48.84393811225891, 51.69075298309326, 54.54571580886841, 57.36880087852478, 60.202229022979736, 65.35641241073608, 70.38175439834595, 75.42013001441956, 80.49113082885742, 85.64496159553528, 90.73477125167847, 95.8130874633789, 100.9424901008606, 105.96287727355957, 110.98158311843872, 116.09435772895813, 121.19714784622192, 126.29333066940308, 131.3318293094635, 136.44692039489746, 141.49720454216003, 146.59056091308594, 151.64458966255188, 156.67396593093872, 161.68353033065796, 166.81609296798706, 171.9998128414154, 177.3004162311554, 182.58314490318298, 187.81356763839722, 193.11952018737793, 198.38703870773315, 203.60704040527344, 208.84256100654602, 214.15373158454895, 219.38021850585938, 224.61299300193787, 229.90706944465637, 235.17514276504517, 240.38444471359253, 245.61242985725403, 250.97017741203308, 256.1471817493439, 261.4513897895813, 266.72436928749084, 271.95472860336304, 277.20115971565247, 282.40015029907227, 287.6701717376709, 292.9385142326355, 298.1604471206665, 303.391939163208, 308.68605041503906, 313.9464337825775, 319.18304991722107, 324.4057683944702, 329.6288924217224, 334.9998188018799, 340.2824864387512, 345.54949712753296, 350.77956986427307, 356.07230520248413, 361.3798336982727, 366.68524622917175, 371.93921661376953, 377.15679264068604, 382.46331453323364, 387.66704750061035, 393.00220942497253, 398.32032346725464, 403.6149175167084, 408.8839945793152, 414.2125577926636, 419.512686252594, 424.62090134620667, 429.7696576118469, 434.8748927116394, 439.9838445186615, 445.1039094924927, 450.27666330337524, 455.4405527114868, 460.5938665866852, 465.74387526512146, 470.9018542766571, 475.15816855430603]
[38.17, 48.6, 55.2, 58.33, 61.48, 63.88, 64.67, 65.88, 67.75, 68.64, 69.92, 70.81, 71.81, 71.31, 72.54, 73.49, 73.19, 74.7, 73.69, 74.67, 73.17, 74.39, 74.53, 74.93, 74.21, 75.12, 75.04, 76.13, 75.54, 75.91, 75.6, 75.93, 75.5, 76.21, 76.72, 76.28, 76.54, 77.05, 77.23, 77.29, 77.32, 77.56, 76.99, 77.44, 77.76, 77.42, 77.21, 77.12, 77.27, 77.27, 77.22, 77.48, 77.68, 77.62, 78.18, 78.26, 78.12, 77.98, 78.54, 78.09, 77.75, 78.37, 78.37, 78.14, 78.17, 78.47, 78.67, 78.39, 77.86, 77.95, 78.18, 77.95, 78.25, 77.8, 77.92, 78.78, 79.02, 78.79, 79.13, 78.48, 78.66, 78.7, 79.12, 78.76, 78.67, 78.5, 78.58, 78.58, 78.54, 78.46, 78.76, 78.93, 79.57, 79.29, 79.36, 79.19, 79.3, 79.43, 79.5, 79.27, 79.86]
%%%%%%%%%%%%%%%%%%%%%%%%%%%%%%%%%%%%%%%%%%%%%%%%%%%%%%%%%%%%%%%%%%%%%%%%%%%%%%%%%% 

%%%%%%%%%%%%%%%%%%%%%%%%%%%%%%%%%%FedPAC%%%%%%%%%%%%%%%%%%%%%%%%%%%%%%%%%%%%%%%%%% 

# alg: fedrep , epochs: 100, shard_per_user: 5, limit_local_output: 0, local_rep_ep: 3 , local_only: 0, is_concept_shift: 0, dataset: cifar10  

Files already downloaded and verified
Files already downloaded and verified
   Client 3, noise    level: 0.4000 
   Client 17, noise    level: 0.4000 
   Client 10, noise    level: 0.4000 
   Client 14, noise    level: 0.4000 
CNNCifar(
  (conv1): Conv2d(3, 64, kernel_size=(5, 5), stride=(1, 1))
  (pool): MaxPool2d(kernel_size=2, stride=2, padding=0, dilation=1, ceil_mode=False)
  (conv2): Conv2d(64, 64, kernel_size=(5, 5), stride=(1, 1))
  (fc1): Linear(in_features=1600, out_features=120, bias=True)
  (fc2): Linear(in_features=120, out_features=64, bias=True)
  (fc3): Linear(in_features=64, out_features=10, bias=True)
)
odict_keys(['conv1.weight', 'conv1.bias', 'conv2.weight', 'conv2.bias', 'fc1.weight', 'fc1.bias', 'fc2.weight', 'fc2.bias', 'fc3.weight', 'fc3.bias'])
10
['fc1.weight', 'fc1.bias', 'fc2.weight', 'fc2.bias', 'conv2.weight', 'conv2.bias', 'conv1.weight', 'conv1.bias']
['conv1.weight', 'conv1.bias', 'conv2.weight', 'conv2.bias', 'fc1.weight', 'fc1.bias', 'fc2.weight', 'fc2.bias', 'fc3.weight', 'fc3.bias']
# Params: 307842 (local), 307192 (global); Percentage 99.79 (307192/307842)
learning rate, batch size: 0.01, 10
CNNCifar(
  (conv1): Conv2d(3, 64, kernel_size=(5, 5), stride=(1, 1))
  (pool): MaxPool2d(kernel_size=2, stride=2, padding=0, dilation=1, ceil_mode=False)
  (conv2): Conv2d(64, 64, kernel_size=(5, 5), stride=(1, 1))
  (fc1): Linear(in_features=1600, out_features=120, bias=True)
  (fc2): Linear(in_features=120, out_features=64, bias=True)
  (fc3): Linear(in_features=64, out_features=10, bias=True)
)
Round   0, Train loss: 1.945, Test loss: 2.202, Test accuracy: 15.45
Round   1, Train loss: 1.565, Test loss: 1.832, Test accuracy: 29.67
Round   2, Train loss: 1.425, Test loss: 1.680, Test accuracy: 37.12
Round   3, Train loss: 1.361, Test loss: 1.475, Test accuracy: 44.19
Round   4, Train loss: 1.291, Test loss: 1.343, Test accuracy: 47.91
Round   5, Train loss: 1.296, Test loss: 1.294, Test accuracy: 50.65
Round   6, Train loss: 1.224, Test loss: 1.173, Test accuracy: 54.02
Round   7, Train loss: 1.307, Test loss: 1.114, Test accuracy: 56.94
Round   8, Train loss: 1.137, Test loss: 1.101, Test accuracy: 58.19
Round   9, Train loss: 1.120, Test loss: 1.079, Test accuracy: 58.26
Round  10, Train loss: 1.212, Test loss: 1.064, Test accuracy: 59.17
Round  11, Train loss: 1.155, Test loss: 1.053, Test accuracy: 59.80
Round  12, Train loss: 1.209, Test loss: 1.038, Test accuracy: 60.42
Round  13, Train loss: 1.244, Test loss: 1.005, Test accuracy: 62.18
Round  14, Train loss: 1.194, Test loss: 0.969, Test accuracy: 64.01
Round  15, Train loss: 1.177, Test loss: 0.956, Test accuracy: 64.62
Round  16, Train loss: 1.161, Test loss: 0.946, Test accuracy: 65.27
Round  17, Train loss: 0.948, Test loss: 0.934, Test accuracy: 65.68
Round  18, Train loss: 1.060, Test loss: 0.919, Test accuracy: 66.22
Round  19, Train loss: 1.072, Test loss: 0.923, Test accuracy: 65.57
Round  20, Train loss: 0.976, Test loss: 0.904, Test accuracy: 66.33
Round  21, Train loss: 0.863, Test loss: 0.887, Test accuracy: 67.20
Round  22, Train loss: 1.066, Test loss: 0.878, Test accuracy: 67.92
Round  23, Train loss: 0.977, Test loss: 0.856, Test accuracy: 68.50
Round  24, Train loss: 0.924, Test loss: 0.856, Test accuracy: 68.79
Round  25, Train loss: 0.844, Test loss: 0.860, Test accuracy: 69.15
Round  26, Train loss: 0.920, Test loss: 0.852, Test accuracy: 68.96
Round  27, Train loss: 0.953, Test loss: 0.836, Test accuracy: 69.18
Round  28, Train loss: 0.816, Test loss: 0.820, Test accuracy: 70.23
Round  29, Train loss: 0.836, Test loss: 0.805, Test accuracy: 70.79
Round  30, Train loss: 0.801, Test loss: 0.809, Test accuracy: 71.22
Round  31, Train loss: 0.861, Test loss: 0.796, Test accuracy: 71.35
Round  32, Train loss: 0.829, Test loss: 0.790, Test accuracy: 71.47
Round  33, Train loss: 0.915, Test loss: 0.807, Test accuracy: 70.96
Round  34, Train loss: 0.846, Test loss: 0.801, Test accuracy: 71.36
Round  35, Train loss: 0.696, Test loss: 0.790, Test accuracy: 71.61
Round  36, Train loss: 1.098, Test loss: 0.775, Test accuracy: 72.37
Round  37, Train loss: 1.036, Test loss: 0.792, Test accuracy: 72.04
Round  38, Train loss: 0.783, Test loss: 0.780, Test accuracy: 71.63
Round  39, Train loss: 0.907, Test loss: 0.776, Test accuracy: 72.18
Round  40, Train loss: 0.798, Test loss: 0.771, Test accuracy: 72.86
Round  41, Train loss: 1.038, Test loss: 0.755, Test accuracy: 73.10
Round  42, Train loss: 0.785, Test loss: 0.753, Test accuracy: 72.62
Round  43, Train loss: 0.814, Test loss: 0.751, Test accuracy: 73.46
Round  44, Train loss: 0.787, Test loss: 0.737, Test accuracy: 73.72
Round  45, Train loss: 0.834, Test loss: 0.737, Test accuracy: 74.07
Round  46, Train loss: 0.800, Test loss: 0.736, Test accuracy: 73.79
Round  47, Train loss: 0.623, Test loss: 0.729, Test accuracy: 74.43
Round  48, Train loss: 0.678, Test loss: 0.733, Test accuracy: 74.05
Round  49, Train loss: 0.736, Test loss: 0.731, Test accuracy: 74.20
Round  50, Train loss: 0.864, Test loss: 0.731, Test accuracy: 74.24
Round  51, Train loss: 0.788, Test loss: 0.716, Test accuracy: 74.56
Round  52, Train loss: 0.798, Test loss: 0.712, Test accuracy: 74.75
Round  53, Train loss: 0.606, Test loss: 0.711, Test accuracy: 74.62
Round  54, Train loss: 0.638, Test loss: 0.711, Test accuracy: 74.09
Round  55, Train loss: 0.700, Test loss: 0.713, Test accuracy: 74.91
Round  56, Train loss: 0.590, Test loss: 0.707, Test accuracy: 75.03
Round  57, Train loss: 0.944, Test loss: 0.705, Test accuracy: 74.92
Round  58, Train loss: 0.628, Test loss: 0.700, Test accuracy: 75.42
Round  59, Train loss: 0.735, Test loss: 0.713, Test accuracy: 74.75
Round  60, Train loss: 0.554, Test loss: 0.708, Test accuracy: 74.47
Round  61, Train loss: 0.561, Test loss: 0.697, Test accuracy: 75.48
Round  62, Train loss: 0.952, Test loss: 0.720, Test accuracy: 74.35
Round  63, Train loss: 0.746, Test loss: 0.717, Test accuracy: 75.01
Round  64, Train loss: 0.678, Test loss: 0.711, Test accuracy: 75.21
Round  65, Train loss: 0.687, Test loss: 0.703, Test accuracy: 75.21
Round  66, Train loss: 0.552, Test loss: 0.695, Test accuracy: 75.61
Round  67, Train loss: 0.715, Test loss: 0.694, Test accuracy: 75.51
Round  68, Train loss: 0.695, Test loss: 0.694, Test accuracy: 75.41
Round  69, Train loss: 0.634, Test loss: 0.695, Test accuracy: 75.36
Round  70, Train loss: 0.659, Test loss: 0.702, Test accuracy: 75.14
Round  71, Train loss: 0.661, Test loss: 0.701, Test accuracy: 75.67
Round  72, Train loss: 0.756, Test loss: 0.698, Test accuracy: 75.45
Round  73, Train loss: 0.598, Test loss: 0.689, Test accuracy: 75.70
Round  74, Train loss: 0.578, Test loss: 0.688, Test accuracy: 75.70
Round  75, Train loss: 0.507, Test loss: 0.692, Test accuracy: 75.41
Round  76, Train loss: 0.600, Test loss: 0.696, Test accuracy: 75.79
Round  77, Train loss: 0.653, Test loss: 0.689, Test accuracy: 75.91
Round  78, Train loss: 0.649, Test loss: 0.693, Test accuracy: 75.79
Round  79, Train loss: 0.572, Test loss: 0.700, Test accuracy: 75.54
Round  80, Train loss: 0.714, Test loss: 0.686, Test accuracy: 76.02
Round  81, Train loss: 0.520, Test loss: 0.686, Test accuracy: 75.87
Round  82, Train loss: 0.805, Test loss: 0.690, Test accuracy: 75.83
Round  83, Train loss: 0.752, Test loss: 0.705, Test accuracy: 75.12
Round  84, Train loss: 0.608, Test loss: 0.692, Test accuracy: 75.45
Round  85, Train loss: 0.580, Test loss: 0.687, Test accuracy: 75.75
Round  86, Train loss: 0.630, Test loss: 0.684, Test accuracy: 75.93
Round  87, Train loss: 0.671, Test loss: 0.692, Test accuracy: 75.66
Round  88, Train loss: 0.549, Test loss: 0.693, Test accuracy: 75.70
Round  89, Train loss: 0.519, Test loss: 0.700, Test accuracy: 75.04
Round  90, Train loss: 0.577, Test loss: 0.693, Test accuracy: 75.34
Round  91, Train loss: 0.740, Test loss: 0.702, Test accuracy: 75.15
Round  92, Train loss: 0.437, Test loss: 0.686, Test accuracy: 75.99
Round  93, Train loss: 0.513, Test loss: 0.685, Test accuracy: 76.03
Round  94, Train loss: 0.545, Test loss: 0.686, Test accuracy: 76.19
Round  95, Train loss: 0.560, Test loss: 0.689, Test accuracy: 76.16
Round  96, Train loss: 0.458, Test loss: 0.684, Test accuracy: 76.10
Round  97, Train loss: 0.623, Test loss: 0.682, Test accuracy: 76.29
Round  98, Train loss: 0.633, Test loss: 0.686, Test accuracy: 76.11
Round  99, Train loss: 0.642, Test loss: 0.695, Test accuracy: 75.90
Final Round, Train loss: 0.503, Test loss: 0.704, Test accuracy: 75.50
Average accuracy final 10 rounds: 75.926
1032.7023248672485
[1.6940441131591797, 3.0689637660980225, 4.451995849609375, 5.85357928276062, 7.231438398361206, 8.601133823394775, 9.973392248153687, 11.343274354934692, 12.708669424057007, 14.070695161819458, 15.43855905532837, 16.826001167297363, 18.21932601928711, 19.591144323349, 20.96606755256653, 22.3331401348114, 23.697086095809937, 25.062533378601074, 26.430646657943726, 27.81934690475464, 29.191617488861084, 30.570722579956055, 31.93508005142212, 33.2997465133667, 34.666015625, 36.037081480026245, 37.395241022109985, 38.75829887390137, 40.134461641311646, 41.49615263938904, 42.86080193519592, 44.22822594642639, 45.59292960166931, 46.93535256385803, 48.28054213523865, 49.62439250946045, 50.89305901527405, 52.07776117324829, 53.26289248466492, 54.44960403442383, 55.63361048698425, 56.823776960372925, 58.012404918670654, 59.205894947052, 60.41010618209839, 61.60107064247131, 62.80221891403198, 64.00056481361389, 65.19730401039124, 66.40226125717163, 67.60200333595276, 68.79833674430847, 69.9950201511383, 71.19268321990967, 72.39079689979553, 73.58951830863953, 74.78968691825867, 75.99176216125488, 77.17847394943237, 78.38270854949951, 79.58142256736755, 80.7682192325592, 81.97015643119812, 83.16882658004761, 84.36457252502441, 85.56008338928223, 86.7637357711792, 87.96354174613953, 89.15848278999329, 90.3513572216034, 91.54327774047852, 92.7426552772522, 93.93785643577576, 95.14677381515503, 96.34238171577454, 97.53998064994812, 98.74040174484253, 99.93132710456848, 101.13190603256226, 102.32225203514099, 103.51929044723511, 104.72367191314697, 105.92604494094849, 107.1242892742157, 108.31237936019897, 109.50940823554993, 110.7071123123169, 111.91038799285889, 113.11426115036011, 114.31547212600708, 115.5212652683258, 116.71682167053223, 117.9233911037445, 119.12828230857849, 120.32934617996216, 121.5334587097168, 122.7289137840271, 123.92031526565552, 125.111168384552, 126.308842420578, 128.2699751853943]
[15.45, 29.67, 37.12, 44.19, 47.91, 50.65, 54.02, 56.94, 58.19, 58.26, 59.17, 59.8, 60.42, 62.18, 64.01, 64.62, 65.27, 65.68, 66.22, 65.57, 66.33, 67.2, 67.92, 68.5, 68.79, 69.15, 68.96, 69.18, 70.23, 70.79, 71.22, 71.35, 71.47, 70.96, 71.36, 71.61, 72.37, 72.04, 71.63, 72.18, 72.86, 73.1, 72.62, 73.46, 73.72, 74.07, 73.79, 74.43, 74.05, 74.2, 74.24, 74.56, 74.75, 74.62, 74.09, 74.91, 75.03, 74.92, 75.42, 74.75, 74.47, 75.48, 74.35, 75.01, 75.21, 75.21, 75.61, 75.51, 75.41, 75.36, 75.14, 75.67, 75.45, 75.7, 75.7, 75.41, 75.79, 75.91, 75.79, 75.54, 76.02, 75.87, 75.83, 75.12, 75.45, 75.75, 75.93, 75.66, 75.7, 75.04, 75.34, 75.15, 75.99, 76.03, 76.19, 76.16, 76.1, 76.29, 76.11, 75.9, 75.5]
%%%%%%%%%%%%%%%%%%%%%%%%%%%%%%%%%%%%%%%%%%%%%%%%%%%%%%%%%%%%%%%%%%%%%%%%%%%%%%%%%% 

%%%%%%%%%%%%%%%%%%%%%%%%%%%%%%%%%%FedPAC_PSL%%%%%%%%%%%%%%%%%%%%%%%%%%%%%%%%%%%%%%%%%% 

# alg: fedrep , epochs: 100, shard_per_user: 5, limit_local_output: 0, local_rep_ep: 3 , local_only: 0, is_concept_shift: 0, dataset: cifar10,  filter_alg: none, level_n_system: 0.2 , level_n_lowerb:0.4  

Files already downloaded and verified
Files already downloaded and verified
   Client 9, noise    level: 0.4000 
   Client 10, noise    level: 0.4000 
   Client 8, noise    level: 0.4000 
   Client 15, noise    level: 0.4000 
CNNCifar(
  (conv1): Conv2d(3, 64, kernel_size=(5, 5), stride=(1, 1))
  (pool): MaxPool2d(kernel_size=2, stride=2, padding=0, dilation=1, ceil_mode=False)
  (conv2): Conv2d(64, 64, kernel_size=(5, 5), stride=(1, 1))
  (fc1): Linear(in_features=1600, out_features=120, bias=True)
  (fc2): Linear(in_features=120, out_features=64, bias=True)
  (fc3): Linear(in_features=64, out_features=10, bias=True)
)
odict_keys(['conv1.weight', 'conv1.bias', 'conv2.weight', 'conv2.bias', 'fc1.weight', 'fc1.bias', 'fc2.weight', 'fc2.bias', 'fc3.weight', 'fc3.bias'])
10
['fc1.weight', 'fc1.bias', 'fc2.weight', 'fc2.bias', 'conv2.weight', 'conv2.bias', 'conv1.weight', 'conv1.bias']
['conv1.weight', 'conv1.bias', 'conv2.weight', 'conv2.bias', 'fc1.weight', 'fc1.bias', 'fc2.weight', 'fc2.bias', 'fc3.weight', 'fc3.bias']
# Params: 307842 (local), 307192 (global); Percentage 99.79 (307192/307842)
learning rate, batch size: 0.01, 10
CNNCifar(
  (conv1): Conv2d(3, 64, kernel_size=(5, 5), stride=(1, 1))
  (pool): MaxPool2d(kernel_size=2, stride=2, padding=0, dilation=1, ceil_mode=False)
  (conv2): Conv2d(64, 64, kernel_size=(5, 5), stride=(1, 1))
  (fc1): Linear(in_features=1600, out_features=120, bias=True)
  (fc2): Linear(in_features=120, out_features=64, bias=True)
  (fc3): Linear(in_features=64, out_features=10, bias=True)
)
Round   0, Train loss: 1.748, Test loss: 1.723, Test accuracy: 34.64
Round   1, Train loss: 1.406, Test loss: 1.344, Test accuracy: 44.23
Round   2, Train loss: 1.251, Test loss: 1.180, Test accuracy: 51.93
Round   3, Train loss: 1.164, Test loss: 1.080, Test accuracy: 57.74
Round   4, Train loss: 1.105, Test loss: 1.025, Test accuracy: 59.41
Round   5, Train loss: 1.065, Test loss: 0.992, Test accuracy: 61.47
Round   6, Train loss: 1.027, Test loss: 0.950, Test accuracy: 63.39
Round   7, Train loss: 0.993, Test loss: 0.923, Test accuracy: 64.57
Round   8, Train loss: 0.963, Test loss: 0.889, Test accuracy: 66.22
Round   9, Train loss: 0.932, Test loss: 0.876, Test accuracy: 66.81
Round  10, Train loss: 0.908, Test loss: 0.853, Test accuracy: 67.70
Round  11, Train loss: 0.881, Test loss: 0.840, Test accuracy: 68.42
Round  12, Train loss: 0.859, Test loss: 0.817, Test accuracy: 69.46
Round  13, Train loss: 0.833, Test loss: 0.802, Test accuracy: 70.09
Round  14, Train loss: 0.811, Test loss: 0.793, Test accuracy: 70.33
Round  15, Train loss: 0.790, Test loss: 0.774, Test accuracy: 71.54
Round  16, Train loss: 0.776, Test loss: 0.771, Test accuracy: 71.68
Round  17, Train loss: 0.757, Test loss: 0.766, Test accuracy: 71.68
Round  18, Train loss: 0.739, Test loss: 0.758, Test accuracy: 72.28
Round  19, Train loss: 0.720, Test loss: 0.759, Test accuracy: 72.15
Round  20, Train loss: 0.542, Test loss: 0.763, Test accuracy: 71.61
Round  21, Train loss: 0.599, Test loss: 0.743, Test accuracy: 72.96
Round  22, Train loss: 0.554, Test loss: 0.751, Test accuracy: 72.66
Round  23, Train loss: 0.763, Test loss: 0.748, Test accuracy: 73.16
Round  24, Train loss: 0.682, Test loss: 0.744, Test accuracy: 72.91
Round  25, Train loss: 0.616, Test loss: 0.747, Test accuracy: 72.69
Round  26, Train loss: 0.664, Test loss: 0.750, Test accuracy: 72.78
Round  27, Train loss: 0.483, Test loss: 0.743, Test accuracy: 73.66
Round  28, Train loss: 0.604, Test loss: 0.730, Test accuracy: 74.18
Round  29, Train loss: 0.503, Test loss: 0.736, Test accuracy: 74.40
Round  30, Train loss: 0.526, Test loss: 0.733, Test accuracy: 74.19
Round  31, Train loss: 0.443, Test loss: 0.729, Test accuracy: 74.48
Round  32, Train loss: 0.536, Test loss: 0.722, Test accuracy: 74.68
Round  33, Train loss: 0.624, Test loss: 0.725, Test accuracy: 74.39
Round  34, Train loss: 0.400, Test loss: 0.720, Test accuracy: 74.32
Round  35, Train loss: 0.456, Test loss: 0.718, Test accuracy: 74.78
Round  36, Train loss: 0.486, Test loss: 0.718, Test accuracy: 74.65
Round  37, Train loss: 0.429, Test loss: 0.734, Test accuracy: 74.25
Round  38, Train loss: 0.574, Test loss: 0.735, Test accuracy: 74.20
Round  39, Train loss: 0.501, Test loss: 0.739, Test accuracy: 74.19
Round  40, Train loss: 0.476, Test loss: 0.759, Test accuracy: 73.91
Round  41, Train loss: 0.486, Test loss: 0.749, Test accuracy: 73.88
Round  42, Train loss: 0.528, Test loss: 0.739, Test accuracy: 74.59
Round  43, Train loss: 0.558, Test loss: 0.762, Test accuracy: 73.97
Round  44, Train loss: 0.651, Test loss: 0.750, Test accuracy: 74.03
Round  45, Train loss: 0.464, Test loss: 0.753, Test accuracy: 74.32
Round  46, Train loss: 0.608, Test loss: 0.763, Test accuracy: 74.39
Round  47, Train loss: 0.555, Test loss: 0.761, Test accuracy: 74.25
Round  48, Train loss: 0.403, Test loss: 0.754, Test accuracy: 74.77
Round  49, Train loss: 0.488, Test loss: 0.771, Test accuracy: 74.33
Round  50, Train loss: 0.343, Test loss: 0.748, Test accuracy: 75.04
Round  51, Train loss: 0.604, Test loss: 0.781, Test accuracy: 74.05
Round  52, Train loss: 0.384, Test loss: 0.751, Test accuracy: 75.10
Round  53, Train loss: 0.424, Test loss: 0.772, Test accuracy: 74.65
Round  54, Train loss: 0.507, Test loss: 0.763, Test accuracy: 74.71
Round  55, Train loss: 0.571, Test loss: 0.798, Test accuracy: 73.18
Round  56, Train loss: 0.381, Test loss: 0.757, Test accuracy: 74.51
Round  57, Train loss: 0.537, Test loss: 0.756, Test accuracy: 74.58
Round  58, Train loss: 0.314, Test loss: 0.747, Test accuracy: 75.25
Round  59, Train loss: 0.295, Test loss: 0.751, Test accuracy: 74.89
Round  60, Train loss: 0.390, Test loss: 0.780, Test accuracy: 74.38
Round  61, Train loss: 0.440, Test loss: 0.781, Test accuracy: 74.33
Round  62, Train loss: 0.333, Test loss: 0.771, Test accuracy: 74.86
Round  63, Train loss: 0.403, Test loss: 0.774, Test accuracy: 74.54
Round  64, Train loss: 0.301, Test loss: 0.745, Test accuracy: 74.97
Round  65, Train loss: 0.341, Test loss: 0.760, Test accuracy: 75.14
Round  66, Train loss: 0.333, Test loss: 0.767, Test accuracy: 75.04
Round  67, Train loss: 0.518, Test loss: 0.784, Test accuracy: 74.49
Round  68, Train loss: 0.449, Test loss: 0.796, Test accuracy: 74.27
Round  69, Train loss: 0.236, Test loss: 0.781, Test accuracy: 74.53
Round  70, Train loss: 0.296, Test loss: 0.783, Test accuracy: 74.79
Round  71, Train loss: 0.382, Test loss: 0.779, Test accuracy: 74.78
Round  72, Train loss: 0.461, Test loss: 0.795, Test accuracy: 74.47
Round  73, Train loss: 0.446, Test loss: 0.800, Test accuracy: 74.31
Round  74, Train loss: 0.263, Test loss: 0.772, Test accuracy: 74.75
Round  75, Train loss: 0.254, Test loss: 0.793, Test accuracy: 74.70
Round  76, Train loss: 0.220, Test loss: 0.803, Test accuracy: 74.93
Round  77, Train loss: 0.500, Test loss: 0.813, Test accuracy: 74.13
Round  78, Train loss: 0.351, Test loss: 0.803, Test accuracy: 73.80
Round  79, Train loss: 0.298, Test loss: 0.812, Test accuracy: 73.89
Round  80, Train loss: 0.219, Test loss: 0.774, Test accuracy: 75.01
Round  81, Train loss: 0.194, Test loss: 0.780, Test accuracy: 74.64
Round  82, Train loss: 0.179, Test loss: 0.777, Test accuracy: 74.93
Round  83, Train loss: 0.176, Test loss: 0.789, Test accuracy: 75.03
Round  84, Train loss: 0.178, Test loss: 0.786, Test accuracy: 74.77
Round  85, Train loss: 0.167, Test loss: 0.793, Test accuracy: 74.69
Round  86, Train loss: 0.163, Test loss: 0.797, Test accuracy: 74.63
Round  87, Train loss: 0.158, Test loss: 0.795, Test accuracy: 74.69
Round  88, Train loss: 0.146, Test loss: 0.796, Test accuracy: 75.12
Round  89, Train loss: 0.148, Test loss: 0.807, Test accuracy: 75.08
Round  90, Train loss: 0.336, Test loss: 0.783, Test accuracy: 75.35
Round  91, Train loss: 0.319, Test loss: 0.781, Test accuracy: 75.25
Round  92, Train loss: 0.312, Test loss: 0.788, Test accuracy: 75.18
Round  93, Train loss: 0.307, Test loss: 0.795, Test accuracy: 75.55
Round  94, Train loss: 0.307, Test loss: 0.786, Test accuracy: 74.93
Round  95, Train loss: 0.299, Test loss: 0.810, Test accuracy: 74.75
Round  96, Train loss: 0.295, Test loss: 0.790, Test accuracy: 75.24
Round  97, Train loss: 0.294, Test loss: 0.824, Test accuracy: 74.52
Round  98, Train loss: 0.289, Test loss: 0.814, Test accuracy: 74.88
Round  99, Train loss: 0.286, Test loss: 0.823, Test accuracy: 74.12
Final Round, Train loss: 0.268, Test loss: 0.818, Test accuracy: 74.56
Average accuracy final 10 rounds: 74.977
2930.1254053115845
[2.923569679260254, 5.271029472351074, 7.622539758682251, 9.97147512435913, 12.313055038452148, 14.675463438034058, 17.04114603996277, 19.39926767349243, 21.742753505706787, 24.0916748046875, 26.44156241416931, 28.7926824092865, 31.146006107330322, 33.491665840148926, 35.83390927314758, 38.20015072822571, 40.5466947555542, 42.92012405395508, 45.29551410675049, 47.64858055114746, 49.97413611412048, 52.30085301399231, 54.6485493183136, 57.00633764266968, 59.3526177406311, 61.699479818344116, 64.04312300682068, 66.38835573196411, 68.73927116394043, 71.08971238136292, 73.4315824508667, 75.77454113960266, 78.11437678337097, 80.44374227523804, 82.79303908348083, 85.15001583099365, 87.50887966156006, 89.86988139152527, 92.22871160507202, 94.7292308807373, 97.22722840309143, 99.71772146224976, 102.21367287635803, 104.71282148361206, 107.30938529968262, 109.90520524978638, 112.52431058883667, 115.13741111755371, 117.73865389823914, 120.34478712081909, 122.95139050483704, 125.55426573753357, 128.14161205291748, 130.72711086273193, 133.33109736442566, 135.92011523246765, 138.50719285011292, 141.11721110343933, 143.7290234565735, 146.3247194290161, 148.92205047607422, 151.53202271461487, 154.13416481018066, 156.72101593017578, 159.31240105628967, 161.9203803539276, 164.51334619522095, 167.10605120658875, 169.71085453033447, 172.32409644126892, 174.92032122612, 177.51226115226746, 180.1070637702942, 182.70042490959167, 185.29191279411316, 187.89289832115173, 190.49915027618408, 193.08173966407776, 195.68793201446533, 198.31357526779175, 200.9215841293335, 203.53502655029297, 206.03926801681519, 208.63450026512146, 211.24210810661316, 213.84756779670715, 216.4441521167755, 219.05529618263245, 221.68710470199585, 224.2983102798462, 226.9103353023529, 229.5315237045288, 232.15870571136475, 234.78342080116272, 237.40387845039368, 240.03196144104004, 242.64850997924805, 245.2682569026947, 247.88271117210388, 250.50235676765442, 254.52291345596313]
[34.64, 44.23, 51.93, 57.74, 59.41, 61.47, 63.39, 64.57, 66.22, 66.81, 67.7, 68.42, 69.46, 70.09, 70.33, 71.54, 71.68, 71.68, 72.28, 72.15, 71.61, 72.96, 72.66, 73.16, 72.91, 72.69, 72.78, 73.66, 74.18, 74.4, 74.19, 74.48, 74.68, 74.39, 74.32, 74.78, 74.65, 74.25, 74.2, 74.19, 73.91, 73.88, 74.59, 73.97, 74.03, 74.32, 74.39, 74.25, 74.77, 74.33, 75.04, 74.05, 75.1, 74.65, 74.71, 73.18, 74.51, 74.58, 75.25, 74.89, 74.38, 74.33, 74.86, 74.54, 74.97, 75.14, 75.04, 74.49, 74.27, 74.53, 74.79, 74.78, 74.47, 74.31, 74.75, 74.7, 74.93, 74.13, 73.8, 73.89, 75.01, 74.64, 74.93, 75.03, 74.77, 74.69, 74.63, 74.69, 75.12, 75.08, 75.35, 75.25, 75.18, 75.55, 74.93, 74.75, 75.24, 74.52, 74.88, 74.12, 74.56]
